<?xml version="1.0" encoding="UTF-8"?>
<testng-results skipped="0" failed="0" ignored="0" total="1" passed="1">
  <reporter-output>
  </reporter-output>
  <suite name="Default suite" duration-ms="10192" started-at="2020-07-20T14:54:44Z" finished-at="2020-07-20T14:54:54Z">
    <groups>
    </groups>
    <test name="Default test" duration-ms="10192" started-at="2020-07-20T14:54:44Z" finished-at="2020-07-20T14:54:54Z">
      <class name="M2_Prjcts.Mvnn.ExtentReports_demo">
        <test-method status="PASS" signature="config()[pri:0, instance:M2_Prjcts.Mvnn.ExtentReports_demo@4501b7af]" name="config" is-config="true" duration-ms="293" started-at="2020-07-20T20:24:44Z" finished-at="2020-07-20T20:24:44Z">
          <reporter-output>
          </reporter-output>
        </test-method> <!-- config -->
        <test-method status="PASS" signature="ExtentDemo()[pri:0, instance:M2_Prjcts.Mvnn.ExtentReports_demo@4501b7af]" name="ExtentDemo" duration-ms="9869" started-at="2020-07-20T20:24:44Z" finished-at="2020-07-20T20:24:54Z">
          <reporter-output>
          </reporter-output>
        </test-method> <!-- ExtentDemo -->
      </class> <!-- M2_Prjcts.Mvnn.ExtentReports_demo -->
    </test> <!-- Default test -->
  </suite> <!-- Default suite -->
</testng-results>
